2017-10-23 07:39:35,327 INFO  [Main] o.o.n.d.AbstractSpringContextJmxServiceDaemon: poller initializing.
2017-10-23 07:39:35,332 DEBUG [Main] o.o.n.d.AbstractSpringContextJmxServiceDaemon: SPRING: thread.classLoader=java.net.FactoryURLClassLoader@66a3ffec
2017-10-23 07:39:35,334 INFO  [Main] o.s.c.s.ClassPathXmlApplicationContext: Refreshing org.springframework.context.support.ClassPathXmlApplicationContext@3016b796: startup date [Mon Oct 23 07:39:35 CEST 2017]; parent: ApplicationContext 'daoContext'
2017-10-23 07:39:35,334 INFO  [Main] o.s.b.f.x.XmlBeanDefinitionReader: Loading XML bean definitions from class path resource [META-INF/opennms/applicationContext-pollerBackEnd.xml]
2017-10-23 07:39:35,346 INFO  [Main] o.s.b.f.x.XmlBeanDefinitionReader: Loading XML bean definitions from class path resource [META-INF/opennms/applicationContext-exportedPollerBackEnd-rmi.xml]
2017-10-23 07:39:35,351 INFO  [Main] o.s.b.f.x.XmlBeanDefinitionReader: Loading XML bean definitions from class path resource [META-INF/opennms/applicationContext-exportedPollerBackEnd-http.xml]
2017-10-23 07:39:35,375 INFO  [Main] o.s.b.f.a.AutowiredAnnotationBeanPostProcessor: JSR-330 'javax.inject.Inject' annotation found and supported for autowiring
2017-10-23 07:39:35,439 DEBUG [Main] o.o.c.s.s.ServiceRegistryTargetSource: Initializing lazy target object
2017-10-23 07:39:35,440 DEBUG [Main] o.o.n.e.EventIpcManagerDefaultImpl: Adding event listener pollerBackEnd for UEIs: uei.opennms.org/nodes/interfaceDeleted,uei.opennms.org/nodes/serviceUnmanaged,uei.opennms.org/nodes/nodeInfoChanged,uei.opennms.org/internal/translator/entityConfigChanged,uei.opennms.org/internal/reloadDaemonConfig,uei.opennms.org/nodes/nodeGainedService,uei.opennms.org/nodes/nodeGainedInterface,uei.opennms.org/nodes/nodeDeleted,uei.opennms.org/nodes/nodeAdded,uei.opennms.org/nodes/serviceDeleted,uei.opennms.org/internal/reloadSnmpPollerConfig
2017-10-23 07:39:35,504 INFO  [Main] o.q.i.StdSchedulerFactory: Using default implementation for ThreadExecutor
2017-10-23 07:39:35,529 INFO  [Main] o.q.c.SchedulerSignalerImpl: Initialized Scheduler Signaller of type: class org.quartz.core.SchedulerSignalerImpl
2017-10-23 07:39:35,530 INFO  [Main] o.q.c.QuartzScheduler: Quartz Scheduler v.2.2.3 created.
2017-10-23 07:39:35,531 INFO  [Main] o.q.s.RAMJobStore: RAMJobStore initialized.
2017-10-23 07:39:35,532 INFO  [Main] o.q.c.QuartzScheduler: Scheduler meta-data: Quartz Scheduler (v2.2.3) 'PollerBackEnd' with instanceId 'NON_CLUSTERED'
  Scheduler class: 'org.quartz.core.QuartzScheduler' - running locally.
  NOT STARTED.
  Currently in standby mode.
  Number of jobs executed: 0
  Using thread pool 'org.quartz.simpl.SimpleThreadPool' - with 10 threads.
  Using job-store 'org.quartz.simpl.RAMJobStore' - which does not support persistence. and is not clustered.

2017-10-23 07:39:35,533 INFO  [Main] o.q.i.StdSchedulerFactory: Quartz scheduler 'PollerBackEnd' initialized from an externally provided properties instance.
2017-10-23 07:39:35,533 INFO  [Main] o.q.i.StdSchedulerFactory: Quartz scheduler version: 2.2.3
2017-10-23 07:39:35,535 INFO  [Main] o.q.c.QuartzScheduler: JobFactory set to: org.springframework.scheduling.quartz.AdaptableJobFactory@12ab0873
2017-10-23 07:39:35,564 INFO  [Main] o.s.r.r.RmiServiceExporter: Looking for RMI registry at port '1099'
2017-10-23 07:39:35,566 INFO  [Main] o.s.r.r.RmiServiceExporter: Could not detect RMI registry - creating new one
2017-10-23 07:39:35,575 INFO  [Main] o.s.r.r.RmiServiceExporter: Binding service 'pollerBackEnd' to RMI registry: RegistryImpl[UnicastServerRef [liveRef: [endpoint:[localhost:1099](local),objID:[0:0:0, 0]]]]
2017-10-23 07:39:35,604 INFO  [Main] o.s.c.s.DefaultLifecycleProcessor: Starting beans in phase 2147483647
2017-10-23 07:39:35,604 INFO  [Main] o.s.s.q.SchedulerFactoryBean: Starting Quartz Scheduler now
2017-10-23 07:39:35,604 INFO  [Main] o.q.c.QuartzScheduler: Scheduler PollerBackEnd_$_NON_CLUSTERED started.
2017-10-23 07:39:35,609 DEBUG [Main] o.a.c.s.SpringCamelContext: onApplicationEvent: org.springframework.context.event.ContextRefreshedEvent[source=org.springframework.context.support.ClassPathXmlApplicationContext@3016b796: startup date [Mon Oct 23 07:39:35 CEST 2017]; parent: ApplicationContext 'daoContext']
2017-10-23 07:39:35,609 DEBUG [Main] o.a.c.s.SpringCamelContext: onApplicationEvent: org.springframework.context.event.ContextRefreshedEvent[source=org.springframework.context.support.ClassPathXmlApplicationContext@3016b796: startup date [Mon Oct 23 07:39:35 CEST 2017]; parent: ApplicationContext 'daoContext']
2017-10-23 07:39:35,610 DEBUG [Main] o.o.n.d.AbstractSpringContextJmxServiceDaemon: SPRING: context.classLoader= java.net.FactoryURLClassLoader@66a3ffec
2017-10-23 07:39:35,610 INFO  [Main] o.o.n.d.AbstractSpringContextJmxServiceDaemon: poller initialization complete.
2017-10-23 07:39:35,628 DEBUG [PollerBackEnd_Worker-1] o.o.n.p.r.s.DefaultPollerBackEnd: Checking for disconnected monitors: disconnectedTimeout = 600000
2017-10-23 07:39:35,630 DEBUG [PollerBackEnd_Worker-1] o.o.c.s.s.ServiceRegistryTargetSource: Initializing lazy target object
2017-10-23 07:39:35,631 DEBUG [PollerBackEnd_Worker-1] o.o.n.d.h.AbstractDaoHibernate: criteria = Criteria [class=class org.opennms.netmgt.model.OnmsLocationMonitor,restrictions=[EqRestriction [attribute=status, value=STARTED], NotNullRestriction [attribute=lastUpdated], LtRestriction [attribute=lastUpdated, value=Mon Oct 23 07:29:35 CEST 2017]],distinct=false]
2017-10-23 07:39:35,635 DEBUG [PollerBackEnd_Worker-1] o.o.n.p.r.s.DefaultPollerBackEnd: Found 0 monitor(s) that are transitioning to disconnected state
2017-10-23 07:39:37,324 INFO  [Main] o.o.n.d.AbstractSpringContextJmxServiceDaemon: poller starting.
2017-10-23 07:39:37,324 DEBUG [Main] o.o.n.d.AbstractSpringContextJmxServiceDaemon: SPRING: thread.classLoader=java.net.FactoryURLClassLoader@66a3ffec
2017-10-23 07:39:37,325 DEBUG [Main] o.o.n.d.AbstractSpringContextJmxServiceDaemon: SPRING: context.classLoader= java.net.FactoryURLClassLoader@66a3ffec
2017-10-23 07:39:37,326 INFO  [Main] o.o.n.d.AbstractSpringContextJmxServiceDaemon: poller starting complete.
2017-10-23 07:39:45,456 DEBUG [PollerBackEnd_Worker-2] o.o.n.p.r.s.DefaultPollerBackEnd: Checking for disconnected monitors: disconnectedTimeout = 600000
2017-10-23 07:39:45,457 DEBUG [PollerBackEnd_Worker-2] o.o.n.d.h.AbstractDaoHibernate: criteria = Criteria [class=class org.opennms.netmgt.model.OnmsLocationMonitor,restrictions=[EqRestriction [attribute=status, value=STARTED], NotNullRestriction [attribute=lastUpdated], LtRestriction [attribute=lastUpdated, value=Mon Oct 23 07:29:45 CEST 2017]],distinct=false]
2017-10-23 07:39:45,458 DEBUG [PollerBackEnd_Worker-2] o.o.n.p.r.s.DefaultPollerBackEnd: Found 0 monitor(s) that are transitioning to disconnected state
2017-10-23 07:39:55,462 DEBUG [PollerBackEnd_Worker-3] o.o.n.p.r.s.DefaultPollerBackEnd: Checking for disconnected monitors: disconnectedTimeout = 600000
2017-10-23 07:39:55,463 DEBUG [PollerBackEnd_Worker-3] o.o.n.d.h.AbstractDaoHibernate: criteria = Criteria [class=class org.opennms.netmgt.model.OnmsLocationMonitor,restrictions=[EqRestriction [attribute=status, value=STARTED], NotNullRestriction [attribute=lastUpdated], LtRestriction [attribute=lastUpdated, value=Mon Oct 23 07:29:55 CEST 2017]],distinct=false]
2017-10-23 07:39:55,464 DEBUG [PollerBackEnd_Worker-3] o.o.n.p.r.s.DefaultPollerBackEnd: Found 0 monitor(s) that are transitioning to disconnected state
2017-10-23 07:40:05,456 DEBUG [PollerBackEnd_Worker-4] o.o.n.p.r.s.DefaultPollerBackEnd: Checking for disconnected monitors: disconnectedTimeout = 600000
2017-10-23 07:40:05,456 DEBUG [PollerBackEnd_Worker-4] o.o.n.d.h.AbstractDaoHibernate: criteria = Criteria [class=class org.opennms.netmgt.model.OnmsLocationMonitor,restrictions=[EqRestriction [attribute=status, value=STARTED], NotNullRestriction [attribute=lastUpdated], LtRestriction [attribute=lastUpdated, value=Mon Oct 23 07:30:05 CEST 2017]],distinct=false]
2017-10-23 07:40:05,459 DEBUG [PollerBackEnd_Worker-4] o.o.n.p.r.s.DefaultPollerBackEnd: Found 0 monitor(s) that are transitioning to disconnected state
2017-10-23 07:40:15,456 DEBUG [PollerBackEnd_Worker-5] o.o.n.p.r.s.DefaultPollerBackEnd: Checking for disconnected monitors: disconnectedTimeout = 600000
2017-10-23 07:40:15,457 DEBUG [PollerBackEnd_Worker-5] o.o.n.d.h.AbstractDaoHibernate: criteria = Criteria [class=class org.opennms.netmgt.model.OnmsLocationMonitor,restrictions=[EqRestriction [attribute=status, value=STARTED], NotNullRestriction [attribute=lastUpdated], LtRestriction [attribute=lastUpdated, value=Mon Oct 23 07:30:15 CEST 2017]],distinct=false]
2017-10-23 07:40:15,459 DEBUG [PollerBackEnd_Worker-5] o.o.n.p.r.s.DefaultPollerBackEnd: Found 0 monitor(s) that are transitioning to disconnected state
