2017-10-23 07:39:35,918 INFO  [Main] o.s.c.s.ClassPathXmlApplicationContext: Refreshing org.springframework.context.support.ClassPathXmlApplicationContext@1439330: startup date [Mon Oct 23 07:39:35 CEST 2017]; parent: ApplicationContext 'daoContext'
2017-10-23 07:39:35,923 INFO  [Main] o.s.b.f.x.XmlBeanDefinitionReader: Loading XML bean definitions from class path resource [META-INF/opennms/applicationContext-statisticsDaemon.xml]
2017-10-23 07:39:35,940 INFO  [Main] o.s.b.f.a.AutowiredAnnotationBeanPostProcessor: JSR-330 'javax.inject.Inject' annotation found and supported for autowiring
2017-10-23 07:39:35,963 INFO  [Main] o.q.i.StdSchedulerFactory: Using default implementation for ThreadExecutor
2017-10-23 07:39:35,965 INFO  [Main] o.q.c.SchedulerSignalerImpl: Initialized Scheduler Signaller of type: class org.quartz.core.SchedulerSignalerImpl
2017-10-23 07:39:35,966 INFO  [Main] o.q.c.QuartzScheduler: Quartz Scheduler v.2.2.3 created.
2017-10-23 07:39:35,966 INFO  [Main] o.q.s.RAMJobStore: RAMJobStore initialized.
2017-10-23 07:39:35,966 INFO  [Main] o.q.c.QuartzScheduler: Scheduler meta-data: Quartz Scheduler (v2.2.3) 'Statsd' with instanceId 'NON_CLUSTERED'
  Scheduler class: 'org.quartz.core.QuartzScheduler' - running locally.
  NOT STARTED.
  Currently in standby mode.
  Number of jobs executed: 0
  Using thread pool 'org.quartz.simpl.SimpleThreadPool' - with 10 threads.
  Using job-store 'org.quartz.simpl.RAMJobStore' - which does not support persistence. and is not clustered.

2017-10-23 07:39:35,967 INFO  [Main] o.q.i.StdSchedulerFactory: Quartz scheduler 'Statsd' initialized from an externally provided properties instance.
2017-10-23 07:39:35,967 INFO  [Main] o.q.i.StdSchedulerFactory: Quartz scheduler version: 2.2.3
2017-10-23 07:39:35,967 INFO  [Main] o.q.c.QuartzScheduler: JobFactory set to: org.springframework.scheduling.quartz.AdaptableJobFactory@5fc7b214
2017-10-23 07:39:35,978 INFO  [Main] o.s.c.s.DefaultLifecycleProcessor: Starting beans in phase 2147483647
2017-10-23 07:39:35,978 INFO  [Main] o.s.s.q.SchedulerFactoryBean: Starting Quartz Scheduler now
2017-10-23 07:39:35,978 INFO  [Main] o.q.c.QuartzScheduler: Scheduler Statsd_$_NON_CLUSTERED started.
